<?xml version="1.0" encoding="UTF-8" ?>
<testsuite tests="64" failures="0" name="cucumberOptions.TestRunner" time="0.024" errors="0" skipped="0">
  <properties>
[...]
</properties>
  <testcase classname="Scenario: Homepage default Login" name="Given Validate the browser" time="0"/>
  <testcase classname="Scenario: Homepage default Login" name="When Brower is triggred" time="0"/>
  <testcase classname="Scenario: Homepage default Login" name="Then Check if browser is started" time="0"/>
  <testcase classname="Scenario: Homepage default Login" name="Given User is on Bank Login Page" time="0.001"/>
  <testcase classname="Scenario: Homepage default Login" name="When User is login with correct Username &quot;john&quot; and password &quot;1234&quot;" time="0"/>
  <testcase classname="Scenario: Homepage default Login" name="Then Homepage is populated" time="0"/>
  <testcase classname="Scenario: Homepage default Login" name="And Cards displayed are &quot;true&quot;" time="0"/>
  <testcase classname="Scenario: Homepage default Login" name="Scenario: Homepage default Login" time="0.002"/>
  <testcase classname="Scenario: Homepage default Login" name="Given Validate the browser" time="0"/>
  <testcase classname="Scenario: Homepage default Login" name="When Brower is triggred" time="0"/>
  <testcase classname="Scenario: Homepage default Login" name="Then Check if browser is started" time="0"/>
  <testcase classname="Scenario: Homepage default Login" name="Given User is on Bank Login Page" time="0"/>
  <testcase classname="Scenario: Homepage default Login" name="When User is login with correct Username &quot;John&quot; and password &quot;Doe&quot;" time="0"/>
  <testcase classname="Scenario: Homepage default Login" name="Then Homepage is populated" time="0"/>
  <testcase classname="Scenario: Homepage default Login" name="And Cards displayed are &quot;false&quot;" time="0"/>
  <testcase classname="Scenario: Homepage default Login" name="Scenario: Homepage default Login" time="0.001"/>
  <testcase classname="Scenario: Homepage default Login" name="Given Validate the browser" time="0"/>
  <testcase classname="Scenario: Homepage default Login" name="When Brower is triggred" time="0.001"/>
  <testcase classname="Scenario: Homepage default Login" name="Then Check if browser is started" time="0"/>
  <testcase classname="Scenario: Homepage default Login" name="Given User is on Bank Login Page" time="0"/>
  <testcase classname="Scenario: Homepage default Login" name="When User is Signup with following details" time="0"/>
  <testcase classname="Scenario: Homepage default Login" name="Then Homepage is populated" time="0"/>
  <testcase classname="Scenario: Homepage default Login" name="And Cards displayed are &quot;false&quot;" time="0"/>
  <testcase classname="Scenario: Homepage default Login" name="Scenario: Homepage default Login" time="0.001"/>
  <testcase classname="| user1 | pass1 |" name="Given Validate the browser" time="0"/>
  <testcase classname="| user1 | pass1 |" name="When Brower is triggred" time="0"/>
  <testcase classname="| user1 | pass1 |" name="Then Check if browser is started" time="0"/>
  <testcase classname="| user1 | pass1 |" name="Given User is on Bank Login Page" time="0"/>
  <testcase classname="| user1 | pass1 |" name="When User is login with username user1 and pswd pass1" time="0"/>
  <testcase classname="| user1 | pass1 |" name="Then Homepage is populated" time="0.002"/>
  <testcase classname="| user1 | pass1 |" name="And Cards displayed are &quot;true&quot;" time="0"/>
  <testcase classname="| user1 | pass1 |" name="| user1 | pass1 |" time="0.002"/>
  <testcase classname="| user2 | pass2 |" name="Given Validate the browser" time="0"/>
  <testcase classname="| user2 | pass2 |" name="When Brower is triggred" time="0"/>
  <testcase classname="| user2 | pass2 |" name="Then Check if browser is started" time="0"/>
  <testcase classname="| user2 | pass2 |" name="Given User is on Bank Login Page" time="0"/>
  <testcase classname="| user2 | pass2 |" name="When User is login with username user2 and pswd pass2" time="0"/>
  <testcase classname="| user2 | pass2 |" name="Then Homepage is populated" time="0.001"/>
  <testcase classname="| user2 | pass2 |" name="And Cards displayed are &quot;true&quot;" time="0"/>
  <testcase classname="| user2 | pass2 |" name="| user2 | pass2 |" time="0.001"/>
  <testcase classname="| user3 | pass3 |" name="Given Validate the browser" time="0"/>
  <testcase classname="| user3 | pass3 |" name="When Brower is triggred" time="0"/>
  <testcase classname="| user3 | pass3 |" name="Then Check if browser is started" time="0.001"/>
  <testcase classname="| user3 | pass3 |" name="Given User is on Bank Login Page" time="0"/>
  <testcase classname="| user3 | pass3 |" name="When User is login with username user3 and pswd pass3" time="0"/>
  <testcase classname="| user3 | pass3 |" name="Then Homepage is populated" time="0"/>
  <testcase classname="| user3 | pass3 |" name="And Cards displayed are &quot;true&quot;" time="0"/>
  <testcase classname="| user3 | pass3 |" name="| user3 | pass3 |" time="0.001"/>
  <testcase classname="| user4 | pass4 |" name="Given Validate the browser" time="0"/>
  <testcase classname="| user4 | pass4 |" name="When Brower is triggred" time="0"/>
  <testcase classname="| user4 | pass4 |" name="Then Check if browser is started" time="0"/>
  <testcase classname="| user4 | pass4 |" name="Given User is on Bank Login Page" time="0.003"/>
  <testcase classname="| user4 | pass4 |" name="When User is login with username user4 and pswd pass4" time="0"/>
  <testcase classname="| user4 | pass4 |" name="Then Homepage is populated" time="0.001"/>
  <testcase classname="| user4 | pass4 |" name="And Cards displayed are &quot;true&quot;" time="0.001"/>
  <testcase classname="| user4 | pass4 |" name="| user4 | pass4 |" time="0.001"/>
  <testcase classname="| user5 | pass5 |" name="Given Validate the browser" time="0"/>
  <testcase classname="| user5 | pass5 |" name="When Brower is triggred" time="0"/>
  <testcase classname="| user5 | pass5 |" name="Then Check if browser is started" time="0"/>
  <testcase classname="| user5 | pass5 |" name="Given User is on Bank Login Page" time="0.002"/>
  <testcase classname="| user5 | pass5 |" name="When User is login with username user5 and pswd pass5" time="0.001"/>
  <testcase classname="| user5 | pass5 |" name="Then Homepage is populated" time="0"/>
  <testcase classname="| user5 | pass5 |" name="And Cards displayed are &quot;true&quot;" time="0"/>
  <testcase classname="| user5 | pass5 |" name="| user5 | pass5 |" time="0.001"/>
</testsuite>